Loading 30088 rows of eyetracking data from ../../data/experiment1/00_eyetracking.csv.
Loading 58128 rows of eyetracking data from ../../data/experiment1/01_eyetracking.csv.
Loading 30088 rows of eyetracking data from ../../data/experiment1/02_eyetracking.csv.
Loading 36302 rows of eyetracking data from ../../data/experiment1/03_eyetracking.csv.
Loading 48843 rows of eyetracking data from ../../data/experiment1/04_eyetracking.csv.
Loading 58198 rows of eyetracking data from ../../data/experiment1/05_eyetracking.csv.
Loading 20230 rows of eyetracking data from ../../data/experiment1/06_eyetracking.csv.
EYE-TRACKING STARTS 15.126794921875 SECONDS AFTER STIMULUS.
EYE-TRACKING ENDS 305.39217236328125 SECONDS BEFORE STIMULUS.
Loading 40478 rows of eyetracking data from ../../data/experiment1/07_eyetracking.csv.
Loading 47758 rows of eyetracking data from ../../data/experiment1/08_eyetracking.csv.
Loading 439 rows of eyetracking data from ../../data/experiment1/09_eyetracking.csv.
EYE-TRACKING ENDS 680.9478125 SECONDS BEFORE STIMULUS.
Loading 32207 rows of eyetracking data from ../../data/experiment1/10_eyetracking.csv.
EYE-TRACKING ENDS 141.460736328125 SECONDS BEFORE STIMULUS.
Loading 39090 rows of eyetracking data from ../../data/experiment1/11_eyetracking.csv.
Loaded data from 12 participants.
Keeping 8 participants: [0, 1, 2, 4, 5, 7, 8, 11]
Loading object detection data from ../../data/detected_objects/01.pickle...
Loading object detection data from ../../data/detected_objects/02.pickle...
Loading object detection data from ../../data/detected_objects/03.pickle...
Loading object detection data from ../../data/detected_objects/04.pickle...
Loading object detection data from ../../data/detected_objects/05.pickle...
Loading object detection data from ../../data/detected_objects/06.pickle...
Loading object detection data from ../../data/detected_objects/07.pickle...
Loading object detection data from ../../data/detected_objects/08.pickle...
Loading object detection data from ../../data/detected_objects/09.pickle...
Loading object detection data from ../../data/detected_objects/10.pickle...
Loading object detection data from ../../data/detected_objects/11.pickle...
Loading object detection data from ../../data/detected_objects/12.pickle...
Loading object detection data from ../../data/detected_objects/13.pickle...
Loading object detection data from ../../data/detected_objects/14.pickle...
Running participant 0...
Participant accuracy: 0.7798065558858144 +/- 0.025522946810763315
Running participant 1...
Participant accuracy: 0.708233899313669 +/- 0.035805925762737556
Running participant 2...
Participant accuracy: 0.7798065558858144 +/- 0.025522946810763315
Running participant 4...
Participant accuracy: 0.7166939149334306 +/- 0.024754263238776972
Running participant 5...
Participant accuracy: 0.7225438710671218 +/- 0.02606037451909414
Running participant 7...
Participant accuracy: 0.6996188724154845 +/- 0.023950591096488123
Running participant 8...
Participant accuracy: 0.7208175381123086 +/- 0.030744398515004993
Running participant 11...
Participant accuracy: 0.6104382863386626 +/- 0.040570089098974034
Overall accuracy: 0.7172449367440382 +/- 0.01753059633358736
